c:\users\abc\desktop\源文件pycx\acfile\debug\vc140.pdb
c:\users\abc\desktop\源文件pycx\acfile\debug\vc140.idb
c:\users\abc\desktop\源文件pycx\acfile\debug\acfile.obj
c:\users\abc\desktop\源文件pycx\acfile\debug\arithmetic_codec.obj
c:\users\abc\desktop\源文件pycx\acfile\debug\profiler.obj
c:\users\abc\desktop\源文件pycx\acfile\debug\report.obj
c:\users\abc\desktop\源文件pycx\acfile\debug\sconfig.obj
c:\users\abc\desktop\源文件pycx\acfile\debug\tools.obj
c:\users\abc\desktop\源文件pycx\acfile\debug\rand.obj
c:\users\abc\desktop\源文件pycx\bin\acfile.ilk
c:\users\abc\desktop\源文件pycx\bin\acfile.exe
c:\users\abc\desktop\源文件pycx\acfile\debug\acfile.pdb
c:\users\abc\desktop\源文件pycx\acfile\..\bin\acfile.exe
c:\users\abc\desktop\源文件pycx\bin\..\bin\acfile.ilk
c:\users\abc\desktop\源文件pycx\bin\acfile.tlog\cl.command.1.tlog
c:\users\abc\desktop\源文件pycx\bin\acfile.tlog\cl.read.1.tlog
c:\users\abc\desktop\源文件pycx\bin\acfile.tlog\cl.write.1.tlog
c:\users\abc\desktop\源文件pycx\bin\acfile.tlog\link.command.1.tlog
c:\users\abc\desktop\源文件pycx\bin\acfile.tlog\link.read.1.tlog
c:\users\abc\desktop\源文件pycx\bin\acfile.tlog\link.write.1.tlog
