.\Debug\acwav.pdb
F:\WorkPlace\Cityu\SDAC\Sourcecode\DAC\FastAC\acwav\.\Debug\acwav.exe.intermediate.manifest
F:\WORKPLACE\CITYU\SDAC\SOURCECODE\DAC\FASTAC\ACWAV\DEBUG\ACWAV.EXE.EMBED.MANIFEST
F:\WORKPLACE\CITYU\SDAC\SOURCECODE\DAC\FASTAC\ACWAV\DEBUG\ACWAV.EXE.EMBED.MANIFEST.RES
F:\WORKPLACE\CITYU\SDAC\SOURCECODE\DAC\FASTAC\ACWAV\DEBUG\ACWAV.EXE.INTERMEDIATE.MANIFEST
F:\WORKPLACE\CITYU\SDAC\SOURCECODE\DAC\FASTAC\ACWAV\DEBUG\ACWAV.OBJ
F:\WORKPLACE\CITYU\SDAC\SOURCECODE\DAC\FASTAC\ACWAV\DEBUG\ACWAV.PDB
F:\WorkPlace\Cityu\SDAC\Sourcecode\DAC\FastAC\acwav\Debug\acwav_manifest.rc
F:\WORKPLACE\CITYU\SDAC\SOURCECODE\DAC\FASTAC\ACWAV\DEBUG\ARITHMETIC_CODEC.OBJ
F:\WorkPlace\Cityu\SDAC\Sourcecode\DAC\FastAC\acwav\Debug\cl.command.1.tlog
F:\WorkPlace\Cityu\SDAC\Sourcecode\DAC\FastAC\acwav\Debug\CL.read.1.tlog
F:\WorkPlace\Cityu\SDAC\Sourcecode\DAC\FastAC\acwav\Debug\CL.write.1.tlog
F:\WorkPlace\Cityu\SDAC\Sourcecode\DAC\FastAC\acwav\Debug\link.6348.read.1.tlog
F:\WorkPlace\Cityu\SDAC\Sourcecode\DAC\FastAC\acwav\Debug\link.6348.write.1.tlog
F:\WorkPlace\Cityu\SDAC\Sourcecode\DAC\FastAC\acwav\Debug\link.6348-cvtres.read.1.tlog
F:\WorkPlace\Cityu\SDAC\Sourcecode\DAC\FastAC\acwav\Debug\link.6348-cvtres.write.1.tlog
F:\WorkPlace\Cityu\SDAC\Sourcecode\DAC\FastAC\acwav\Debug\link.command.1.tlog
F:\WorkPlace\Cityu\SDAC\Sourcecode\DAC\FastAC\acwav\Debug\link.read.1.tlog
F:\WorkPlace\Cityu\SDAC\Sourcecode\DAC\FastAC\acwav\Debug\link.write.1.tlog
F:\WorkPlace\Cityu\SDAC\Sourcecode\DAC\FastAC\acwav\Debug\link-cvtres.read.1.tlog
F:\WorkPlace\Cityu\SDAC\Sourcecode\DAC\FastAC\acwav\Debug\link-cvtres.write.1.tlog
F:\WorkPlace\Cityu\SDAC\Sourcecode\DAC\FastAC\acwav\Debug\mt.command.1.tlog
F:\WorkPlace\Cityu\SDAC\Sourcecode\DAC\FastAC\acwav\Debug\mt.read.1.tlog
F:\WorkPlace\Cityu\SDAC\Sourcecode\DAC\FastAC\acwav\Debug\mt.write.1.tlog
F:\WorkPlace\Cityu\SDAC\Sourcecode\DAC\FastAC\acwav\Debug\rc.command.1.tlog
F:\WorkPlace\Cityu\SDAC\Sourcecode\DAC\FastAC\acwav\Debug\rc.read.1.tlog
F:\WorkPlace\Cityu\SDAC\Sourcecode\DAC\FastAC\acwav\Debug\rc.write.1.tlog
F:\WorkPlace\Cityu\SDAC\Sourcecode\DAC\FastAC\acwav\Debug\vc100.idb
F:\WORKPLACE\CITYU\SDAC\SOURCECODE\DAC\FASTAC\ACWAV\DEBUG\VC100.PDB
F:\WORKPLACE\CITYU\SDAC\SOURCECODE\DAC\FASTAC\BIN\ACWAV.EXE
F:\WORKPLACE\CITYU\SDAC\SOURCECODE\DAC\FASTAC\BIN\ACWAV.ILK
