.\Debug\acfile.pdb
F:\WorkPlace\Cityu\Distributed Source Coding Based On Chaos\Arithmetic Coding based DSC\FastAC\FastAC\acfile\.\Debug\acfile.exe.intermediate.manifest
F:\WorkPlace\Cityu\Distributed Source Coding Based On Chaos\Arithmetic Coding based DSC\FastAC\FastAC\acfile\Debug\acfile.exe.embed.manifest
F:\WORKPLACE\CITYU\DISTRIBUTED SOURCE CODING BASED ON CHAOS\ARITHMETIC CODING BASED DSC\FASTAC\FASTAC\ACFILE\DEBUG\ACFILE.EXE.EMBED.MANIFEST.RES
F:\WORKPLACE\CITYU\DISTRIBUTED SOURCE CODING BASED ON CHAOS\ARITHMETIC CODING BASED DSC\FASTAC\FASTAC\ACFILE\DEBUG\ACFILE.EXE.INTERMEDIATE.MANIFEST
F:\WORKPLACE\CITYU\DISTRIBUTED SOURCE CODING BASED ON CHAOS\ARITHMETIC CODING BASED DSC\FASTAC\FASTAC\ACFILE\DEBUG\ACFILE.OBJ
F:\WORKPLACE\CITYU\DISTRIBUTED SOURCE CODING BASED ON CHAOS\ARITHMETIC CODING BASED DSC\FASTAC\FASTAC\ACFILE\DEBUG\ACFILE.PDB
F:\WorkPlace\Cityu\Distributed Source Coding Based On Chaos\Arithmetic Coding based DSC\FastAC\FastAC\acfile\Debug\acfile_manifest.rc
F:\WORKPLACE\CITYU\DISTRIBUTED SOURCE CODING BASED ON CHAOS\ARITHMETIC CODING BASED DSC\FASTAC\FASTAC\ACFILE\DEBUG\ARITHMETIC_CODEC.OBJ
F:\WorkPlace\Cityu\Distributed Source Coding Based On Chaos\Arithmetic Coding based DSC\FastAC\FastAC\acfile\Debug\cl.command.1.tlog
F:\WorkPlace\Cityu\Distributed Source Coding Based On Chaos\Arithmetic Coding based DSC\FastAC\FastAC\acfile\Debug\CL.read.1.tlog
F:\WorkPlace\Cityu\Distributed Source Coding Based On Chaos\Arithmetic Coding based DSC\FastAC\FastAC\acfile\Debug\CL.write.1.tlog
F:\WorkPlace\Cityu\Distributed Source Coding Based On Chaos\Arithmetic Coding based DSC\FastAC\FastAC\acfile\Debug\link.command.1.tlog
F:\WorkPlace\Cityu\Distributed Source Coding Based On Chaos\Arithmetic Coding based DSC\FastAC\FastAC\acfile\Debug\link.read.1.tlog
F:\WorkPlace\Cityu\Distributed Source Coding Based On Chaos\Arithmetic Coding based DSC\FastAC\FastAC\acfile\Debug\link.write.1.tlog
F:\WorkPlace\Cityu\Distributed Source Coding Based On Chaos\Arithmetic Coding based DSC\FastAC\FastAC\acfile\Debug\link-cvtres.read.1.tlog
F:\WorkPlace\Cityu\Distributed Source Coding Based On Chaos\Arithmetic Coding based DSC\FastAC\FastAC\acfile\Debug\link-cvtres.write.1.tlog
F:\WorkPlace\Cityu\Distributed Source Coding Based On Chaos\Arithmetic Coding based DSC\FastAC\FastAC\acfile\Debug\mt.command.1.tlog
F:\WorkPlace\Cityu\Distributed Source Coding Based On Chaos\Arithmetic Coding based DSC\FastAC\FastAC\acfile\Debug\mt.read.1.tlog
F:\WorkPlace\Cityu\Distributed Source Coding Based On Chaos\Arithmetic Coding based DSC\FastAC\FastAC\acfile\Debug\mt.write.1.tlog
F:\WORKPLACE\CITYU\DISTRIBUTED SOURCE CODING BASED ON CHAOS\ARITHMETIC CODING BASED DSC\FASTAC\FASTAC\ACFILE\DEBUG\PROFILER.OBJ
F:\WORKPLACE\CITYU\DISTRIBUTED SOURCE CODING BASED ON CHAOS\ARITHMETIC CODING BASED DSC\FASTAC\FASTAC\ACFILE\DEBUG\RAND.OBJ
F:\WorkPlace\Cityu\Distributed Source Coding Based On Chaos\Arithmetic Coding based DSC\FastAC\FastAC\acfile\Debug\rc.command.1.tlog
F:\WorkPlace\Cityu\Distributed Source Coding Based On Chaos\Arithmetic Coding based DSC\FastAC\FastAC\acfile\Debug\rc.read.1.tlog
F:\WorkPlace\Cityu\Distributed Source Coding Based On Chaos\Arithmetic Coding based DSC\FastAC\FastAC\acfile\Debug\rc.write.1.tlog
F:\WORKPLACE\CITYU\DISTRIBUTED SOURCE CODING BASED ON CHAOS\ARITHMETIC CODING BASED DSC\FASTAC\FASTAC\ACFILE\DEBUG\REPORT.OBJ
F:\WORKPLACE\CITYU\DISTRIBUTED SOURCE CODING BASED ON CHAOS\ARITHMETIC CODING BASED DSC\FASTAC\FASTAC\ACFILE\DEBUG\SCONFIG.OBJ
F:\WORKPLACE\CITYU\DISTRIBUTED SOURCE CODING BASED ON CHAOS\ARITHMETIC CODING BASED DSC\FASTAC\FASTAC\ACFILE\DEBUG\TOOLS.OBJ
F:\WorkPlace\Cityu\Distributed Source Coding Based On Chaos\Arithmetic Coding based DSC\FastAC\FastAC\acfile\Debug\vc100.idb
F:\WORKPLACE\CITYU\DISTRIBUTED SOURCE CODING BASED ON CHAOS\ARITHMETIC CODING BASED DSC\FASTAC\FASTAC\ACFILE\DEBUG\VC100.PDB
F:\WorkPlace\Cityu\Distributed Source Coding Based On Chaos\Arithmetic Coding based DSC\FastAC\FastAC\acfile\Debug\vc90.idb
F:\WorkPlace\Cityu\Distributed Source Coding Based On Chaos\Arithmetic Coding based DSC\FastAC\FastAC\acfile\Debug\vc90.pdb
F:\WORKPLACE\CITYU\DISTRIBUTED SOURCE CODING BASED ON CHAOS\ARITHMETIC CODING BASED DSC\FASTAC\FASTAC\BIN\ACFILE.EXE
F:\WORKPLACE\CITYU\DISTRIBUTED SOURCE CODING BASED ON CHAOS\ARITHMETIC CODING BASED DSC\FASTAC\FASTAC\BIN\ACFILE.ILK
